build/outputs/apk/manifest-merger-debug-report.txt
-- Merging decision tree log ---
manifest
ADDED from AndroidManifest.xml:2:1
	package
		ADDED from AndroidManifest.xml:4:5
	android:versionName
		ADDED from AndroidManifest.xml:6:5
	xmlns:tools
		ADDED from AndroidManifest.xml:3:5
	android:versionCode
		ADDED from AndroidManifest.xml:5:5
		INJECTED from AndroidManifest.xml:0:0
		INJECTED from AndroidManifest.xml:0:0
	xmlns:android
		ADDED from AndroidManifest.xml:2:11
uses-sdk
ADDED from AndroidManifest.xml:9:5
	android:targetSdkVersion
		ADDED from AndroidManifest.xml:11:9
	tools:ignore
		ADDED from AndroidManifest.xml:12:9
	android:minSdkVersion
		ADDED from AndroidManifest.xml:10:9
uses-feature#android.hardware.camera
ADDED from AndroidManifest.xml:15:5
	android:name
		ADDED from AndroidManifest.xml:15:19
uses-feature#android.hardware.camera.autofocus
ADDED from AndroidManifest.xml:16:5
	android:required
		ADDED from AndroidManifest.xml:18:9
	android:name
		ADDED from AndroidManifest.xml:17:9
uses-feature#android.hardware.touchscreen
ADDED from AndroidManifest.xml:19:5
	android:required
		ADDED from AndroidManifest.xml:21:9
	android:name
		ADDED from AndroidManifest.xml:20:9
uses-permission#android.permission.MANAGE_ACCOUNTS
ADDED from AndroidManifest.xml:23:5
	android:name
		ADDED from AndroidManifest.xml:23:22
uses-permission#android.permission.GET_ACCOUNTS
ADDED from AndroidManifest.xml:24:5
	android:name
		ADDED from AndroidManifest.xml:24:22
uses-permission#android.permission.CAMERA
ADDED from AndroidManifest.xml:25:5
	android:name
		ADDED from AndroidManifest.xml:25:22
uses-permission#android.permission.USE_CREDENTIALS
ADDED from AndroidManifest.xml:27:5
	android:name
		ADDED from AndroidManifest.xml:27:22
uses-permission#android.permission.AUTHENTICATE_ACCOUNTS
ADDED from AndroidManifest.xml:29:5
	android:name
		ADDED from AndroidManifest.xml:29:22
uses-permission#com.android.launcher.permission.READ_SETTINGS
ADDED from AndroidManifest.xml:30:5
	android:name
		ADDED from AndroidManifest.xml:30:22
uses-permission#android.permission.BROADCAST_STICKY
ADDED from AndroidManifest.xml:31:5
	android:name
		ADDED from AndroidManifest.xml:31:22
uses-permission#android.permission.WRITE_SETTINGS
ADDED from AndroidManifest.xml:32:5
	android:name
		ADDED from AndroidManifest.xml:32:22
uses-permission#android.permission.SEND_SMS
ADDED from AndroidManifest.xml:33:5
	android:name
		ADDED from AndroidManifest.xml:33:22
uses-permission#android.permission.CALL_PHONE
ADDED from AndroidManifest.xml:35:5
	android:name
		ADDED from AndroidManifest.xml:35:22
uses-permission#android.permission.ACCESS_COARSE_LOCATION
ADDED from AndroidManifest.xml:37:5
	android:name
		ADDED from AndroidManifest.xml:37:22
uses-permission#android.permission.ACCESS_FINE_LOCATION
ADDED from AndroidManifest.xml:39:5
	android:name
		ADDED from AndroidManifest.xml:39:22
uses-permission#android.permission.ACCESS_WIFI_STATE
ADDED from AndroidManifest.xml:41:5
	android:name
		ADDED from AndroidManifest.xml:41:22
uses-permission#android.permission.ACCESS_NETWORK_STATE
ADDED from AndroidManifest.xml:43:5
	android:name
		ADDED from AndroidManifest.xml:43:22
uses-permission#android.permission.CHANGE_WIFI_STATE
ADDED from AndroidManifest.xml:45:5
	android:name
		ADDED from AndroidManifest.xml:45:22
uses-permission#android.permission.READ_PHONE_STATE
ADDED from AndroidManifest.xml:47:5
	android:name
		ADDED from AndroidManifest.xml:47:22
uses-permission#android.permission.WRITE_EXTERNAL_STORAGE
ADDED from AndroidManifest.xml:49:5
	android:name
		ADDED from AndroidManifest.xml:49:22
uses-permission#android.permission.INTERNET
ADDED from AndroidManifest.xml:51:5
	android:name
		ADDED from AndroidManifest.xml:51:22
uses-permission#android.permission.MOUNT_UNMOUNT_FILESYSTEMS
ADDED from AndroidManifest.xml:52:5
	android:name
		ADDED from AndroidManifest.xml:52:22
uses-permission#android.permission.READ_LOGS
ADDED from AndroidManifest.xml:54:5
	android:name
		ADDED from AndroidManifest.xml:54:22
uses-permission#android.permission.DOWNLOAD_WITHOUT_NOTIFICATION
ADDED from AndroidManifest.xml:55:5
	android:name
		ADDED from AndroidManifest.xml:55:22
uses-permission#android.permission.WAKE_LOCK
ADDED from AndroidManifest.xml:57:4
	android:name
		ADDED from AndroidManifest.xml:57:21
uses-permission#android.permission.RECEIVE_BOOT_COMPLETED
ADDED from AndroidManifest.xml:58:4
	android:name
		ADDED from AndroidManifest.xml:58:21
uses-permission#android.permission.VIBRATE
ADDED from AndroidManifest.xml:59:4
	android:name
		ADDED from AndroidManifest.xml:59:21
uses-permission#getui.permission.GetuiService.com.iteambuysale.zhongtuan
ADDED from AndroidManifest.xml:60:4
	android:name
		ADDED from AndroidManifest.xml:60:21
uses-permission#android.permission.GET_TASKS
ADDED from AndroidManifest.xml:61:4
	android:name
		ADDED from AndroidManifest.xml:61:21
permission#getui.permission.GetuiService.com.iteambuysale.zhongtuan
ADDED from AndroidManifest.xml:63:1
	android:protectionLevel
		ADDED from AndroidManifest.xml:65:5
	android:name
		ADDED from AndroidManifest.xml:64:5
application
ADDED from AndroidManifest.xml:67:5
	android:label
		ADDED from AndroidManifest.xml:71:9
	android:allowBackup
		ADDED from AndroidManifest.xml:69:9
	android:icon
		ADDED from AndroidManifest.xml:70:9
	android:theme
		ADDED from AndroidManifest.xml:72:9
	android:name
		ADDED from AndroidManifest.xml:68:9
meta-data#PUSH_APPID
ADDED from AndroidManifest.xml:76:9
	android:value
		ADDED from AndroidManifest.xml:78:13
	android:name
		ADDED from AndroidManifest.xml:77:13
meta-data#PUSH_APPKEY
ADDED from AndroidManifest.xml:80:9
	android:value
		ADDED from AndroidManifest.xml:82:13
	android:name
		ADDED from AndroidManifest.xml:81:13
meta-data#PUSH_APPSECRET
ADDED from AndroidManifest.xml:84:9
	android:value
		ADDED from AndroidManifest.xml:86:13
	android:name
		ADDED from AndroidManifest.xml:85:13
meta-data#PUSH_GROUPID
ADDED from AndroidManifest.xml:88:9
	android:value
		ADDED from AndroidManifest.xml:90:13
	android:name
		ADDED from AndroidManifest.xml:89:13
service#com.igexin.sdk.PushService
ADDED from AndroidManifest.xml:92:9
	android:process
		ADDED from AndroidManifest.xml:96:13
	android:label
		ADDED from AndroidManifest.xml:95:13
	android:exported
		ADDED from AndroidManifest.xml:94:13
	android:name
		ADDED from AndroidManifest.xml:93:13
receiver#com.igexin.sdk.PushReceiver
ADDED from AndroidManifest.xml:99:9
	android:name
		ADDED from AndroidManifest.xml:99:19
intent-filter#android.intent.action.BOOT_COMPLETED+android.intent.action.USER_PRESENT+android.net.conn.CONNECTIVITY_CHANGE+com.igexin.sdk.action.refreshls
ADDED from AndroidManifest.xml:100:13
action#android.intent.action.BOOT_COMPLETED
ADDED from AndroidManifest.xml:101:17
	android:name
		ADDED from AndroidManifest.xml:101:25
action#android.net.conn.CONNECTIVITY_CHANGE
ADDED from AndroidManifest.xml:102:17
	android:name
		ADDED from AndroidManifest.xml:102:25
action#android.intent.action.USER_PRESENT
ADDED from AndroidManifest.xml:103:17
	android:name
		ADDED from AndroidManifest.xml:103:25
action#com.igexin.sdk.action.refreshls
ADDED from AndroidManifest.xml:104:17
	android:name
		ADDED from AndroidManifest.xml:104:25
receiver#com.igexin.sdk.PushManagerReceiver
ADDED from AndroidManifest.xml:107:9
	android:exported
		ADDED from AndroidManifest.xml:109:13
	android:name
		ADDED from AndroidManifest.xml:108:13
intent-filter#com.igexin.sdk.action.pushmanager
ADDED from AndroidManifest.xml:110:13
action#com.igexin.sdk.action.pushmanager
ADDED from AndroidManifest.xml:111:17
	android:name
		ADDED from AndroidManifest.xml:111:25
activity#com.igexin.sdk.PushActivity
ADDED from AndroidManifest.xml:115:9
	android:process
		ADDED from AndroidManifest.xml:119:13
	android:excludeFromRecents
		ADDED from AndroidManifest.xml:117:13
	android:exported
		ADDED from AndroidManifest.xml:118:13
	android:theme
		ADDED from AndroidManifest.xml:121:13
	android:taskAffinity
		ADDED from AndroidManifest.xml:120:13
	android:name
		ADDED from AndroidManifest.xml:116:13
activity#com.igexin.getuiext.activity.GetuiExtActivity
ADDED from AndroidManifest.xml:124:9
	android:process
		ADDED from AndroidManifest.xml:129:13
	android:excludeFromRecents
		ADDED from AndroidManifest.xml:127:13
	android:exported
		ADDED from AndroidManifest.xml:128:13
	android:configChanges
		ADDED from AndroidManifest.xml:126:13
	android:theme
		ADDED from AndroidManifest.xml:131:13
	android:taskAffinity
		ADDED from AndroidManifest.xml:130:13
	android:name
		ADDED from AndroidManifest.xml:125:13
receiver#com.igexin.getuiext.service.PayloadReceiver
ADDED from AndroidManifest.xml:133:9
	android:exported
		ADDED from AndroidManifest.xml:135:13
	android:name
		ADDED from AndroidManifest.xml:134:13
intent-filter#com.igexin.sdk.action.7fjUl2Z3LH6xYy7NQK4ni4+com.igexin.sdk.action.8du69pr8SY8lBrnUbAHgi8
ADDED from AndroidManifest.xml:136:13
action#com.igexin.sdk.action.7fjUl2Z3LH6xYy7NQK4ni4
ADDED from AndroidManifest.xml:139:17
	android:name
		ADDED from AndroidManifest.xml:139:25
action#com.igexin.sdk.action.8du69pr8SY8lBrnUbAHgi8
ADDED from AndroidManifest.xml:141:17
	android:name
		ADDED from AndroidManifest.xml:141:25
service#com.igexin.getuiext.service.GetuiExtService
ADDED from AndroidManifest.xml:145:9
	android:process
		ADDED from AndroidManifest.xml:147:13
	android:name
		ADDED from AndroidManifest.xml:146:13
service#com.igexin.download.DownloadService
ADDED from AndroidManifest.xml:149:9
	android:process
		ADDED from AndroidManifest.xml:151:13
	android:name
		ADDED from AndroidManifest.xml:150:13
receiver#com.igexin.download.DownloadReceiver
ADDED from AndroidManifest.xml:153:9
	android:name
		ADDED from AndroidManifest.xml:153:19
intent-filter#android.net.conn.CONNECTIVITY_CHANGE
ADDED from AndroidManifest.xml:154:13
provider#com.igexin.download.DownloadProvider
ADDED from AndroidManifest.xml:159:9
	android:authorities
		ADDED from AndroidManifest.xml:161:13
	android:process
		ADDED from AndroidManifest.xml:162:13
	android:name
		ADDED from AndroidManifest.xml:160:13
activity#com.iteambuysale.zhongtuan.activity.WelcomeActivity
ADDED from AndroidManifest.xml:164:9
	android:label
		ADDED from AndroidManifest.xml:166:13
	android:name
		ADDED from AndroidManifest.xml:165:13
intent-filter#android.intent.action.MAIN+android.intent.category.LAUNCHER
ADDED from AndroidManifest.xml:167:13
action#android.intent.action.MAIN
ADDED from AndroidManifest.xml:168:17
	android:name
		ADDED from AndroidManifest.xml:168:25
category#android.intent.category.LAUNCHER
ADDED from AndroidManifest.xml:170:17
	android:name
		ADDED from AndroidManifest.xml:170:27
activity#com.iteambuysale.zhongtuan.activity.GuideActivity
ADDED from AndroidManifest.xml:174:9
	android:name
		ADDED from AndroidManifest.xml:174:19
activity#com.iteambuysale.zhongtuan.activity.login.LoginActivity
ADDED from AndroidManifest.xml:175:9
	android:screenOrientation
		ADDED from AndroidManifest.xml:178:13
	android:launchMode
		ADDED from AndroidManifest.xml:177:13
	android:name
		ADDED from AndroidManifest.xml:176:13
activity#com.iteambuysale.zhongtuan.activity.login.RegisterActivity
ADDED from AndroidManifest.xml:179:9
	android:screenOrientation
		ADDED from AndroidManifest.xml:182:13
	android:launchMode
		ADDED from AndroidManifest.xml:181:13
	android:name
		ADDED from AndroidManifest.xml:180:13
activity#com.iteambuysale.zhongtuan.activity.HomeActivity
ADDED from AndroidManifest.xml:183:9
	android:screenOrientation
		ADDED from AndroidManifest.xml:186:13
	android:launchMode
		ADDED from AndroidManifest.xml:185:13
	android:windowSoftInputMode
		ADDED from AndroidManifest.xml:187:13
	android:name
		ADDED from AndroidManifest.xml:184:13
activity#com.iteambuysale.zhongtuan.activity.login.ForgetPasswordActivity
ADDED from AndroidManifest.xml:188:9
	android:screenOrientation
		ADDED from AndroidManifest.xml:190:13
	android:name
		ADDED from AndroidManifest.xml:189:13
activity#com.iteambuysale.zhongtuan.activity.login.GetPhoneNumber
ADDED from AndroidManifest.xml:191:9
	android:screenOrientation
		ADDED from AndroidManifest.xml:193:13
	android:name
		ADDED from AndroidManifest.xml:192:13
activity#com.iteambuysale.zhongtuan.activity.near.pay.OrderActivity
ADDED from AndroidManifest.xml:196:9
	android:screenOrientation
		ADDED from AndroidManifest.xml:198:13
	android:name
		ADDED from AndroidManifest.xml:197:13
activity#com.iteambuysale.zhongtuan.activity.near.CitySelecteActivity
ADDED from AndroidManifest.xml:199:9
	android:screenOrientation
		ADDED from AndroidManifest.xml:201:13
	android:name
		ADDED from AndroidManifest.xml:200:13
activity#com.iteambuysale.zhongtuan.activity.near.EvaluationListActivity
ADDED from AndroidManifest.xml:202:9
	android:screenOrientation
		ADDED from AndroidManifest.xml:204:13
	android:name
		ADDED from AndroidManifest.xml:203:13
activity#com.iteambuysale.zhongtuan.activity.near.category.NearBusinessActivity
ADDED from AndroidManifest.xml:205:9
	android:screenOrientation
		ADDED from AndroidManifest.xml:207:13
	android:name
		ADDED from AndroidManifest.xml:206:13
activity#com.iteambuysale.zhongtuan.activity.near.NearProductActivity
ADDED from AndroidManifest.xml:208:9
	android:screenOrientation
		ADDED from AndroidManifest.xml:210:13
	android:name
		ADDED from AndroidManifest.xml:209:13
activity#com.iteambuysale.zhongtuan.activity.near.pay.PayActivity
ADDED from AndroidManifest.xml:211:9
	android:screenOrientation
		ADDED from AndroidManifest.xml:213:13
	android:name
		ADDED from AndroidManifest.xml:212:13
activity#com.iteambuysale.zhongtuan.activity.near.SearchActivity
ADDED from AndroidManifest.xml:214:9
	android:screenOrientation
		ADDED from AndroidManifest.xml:216:13
	android:name
		ADDED from AndroidManifest.xml:215:13
activity#com.iteambuysale.zhongtuan.activity.near.category.AllTuangouActivity
ADDED from AndroidManifest.xml:217:9
	android:screenOrientation
		ADDED from AndroidManifest.xml:219:13
	android:name
		ADDED from AndroidManifest.xml:218:13
activity#com.iteambuysale.zhongtuan.activity.near.category.MoreCategoryActivity
ADDED from AndroidManifest.xml:220:9
	android:screenOrientation
		ADDED from AndroidManifest.xml:222:13
	android:name
		ADDED from AndroidManifest.xml:221:13
activity#com.iteambuysale.zhongtuan.activity.near.pay.PaySuccessActivity
ADDED from AndroidManifest.xml:223:9
	android:screenOrientation
		ADDED from AndroidManifest.xml:225:13
	android:name
		ADDED from AndroidManifest.xml:224:13
activity#com.iteambuysale.zhongtuan.activity.near.pay.ChangeMobileActivity
ADDED from AndroidManifest.xml:226:9
	android:screenOrientation
		ADDED from AndroidManifest.xml:228:13
	android:name
		ADDED from AndroidManifest.xml:227:13
activity#com.iteambuysale.zhongtuan.activity.me.setting.PasswordActivity
ADDED from AndroidManifest.xml:230:9
	android:screenOrientation
		ADDED from AndroidManifest.xml:232:13
	android:name
		ADDED from AndroidManifest.xml:231:13
activity#com.iteambuysale.zhongtuan.activity.me.PersonInfoActivity
ADDED from AndroidManifest.xml:233:9
	android:screenOrientation
		ADDED from AndroidManifest.xml:235:13
	android:name
		ADDED from AndroidManifest.xml:234:13
activity#com.iteambuysale.zhongtuan.activity.me.setting.SettingActivity
ADDED from AndroidManifest.xml:237:9
	android:screenOrientation
		ADDED from AndroidManifest.xml:239:13
	android:name
		ADDED from AndroidManifest.xml:238:13
activity#com.iteambuysale.zhongtuan.activity.me.setting.CopyrightActivity
ADDED from AndroidManifest.xml:240:9
	android:screenOrientation
		ADDED from AndroidManifest.xml:242:13
	android:name
		ADDED from AndroidManifest.xml:241:13
activity#com.iteambuysale.zhongtuan.activity.me.ZTQActivity
ADDED from AndroidManifest.xml:243:9
	android:screenOrientation
		ADDED from AndroidManifest.xml:246:13
	android:launchMode
		ADDED from AndroidManifest.xml:245:13
	android:name
		ADDED from AndroidManifest.xml:244:13
activity#com.iteambuysale.zhongtuan.activity.me.unpay.UnpayActivity
ADDED from AndroidManifest.xml:247:9
	android:screenOrientation
		ADDED from AndroidManifest.xml:249:13
	android:name
		ADDED from AndroidManifest.xml:248:13
activity#com.iteambuysale.zhongtuan.activity.me.unpay.UnpayActivity_l
ADDED from AndroidManifest.xml:250:9
	android:screenOrientation
		ADDED from AndroidManifest.xml:252:13
	android:name
		ADDED from AndroidManifest.xml:251:13
activity#com.iteambuysale.zhongtuan.activity.me.unpay.OrderDetailActivity
ADDED from AndroidManifest.xml:253:9
	android:screenOrientation
		ADDED from AndroidManifest.xml:255:13
	android:name
		ADDED from AndroidManifest.xml:254:13
activity#com.iteambuysale.zhongtuan.activity.me.unpay.OrderDetailActivity_l
ADDED from AndroidManifest.xml:256:9
	android:screenOrientation
		ADDED from AndroidManifest.xml:258:13
	android:name
		ADDED from AndroidManifest.xml:257:13
activity#com.iteambuysale.zhongtuan.activity.me.unpay.PicAndWordActivity
ADDED from AndroidManifest.xml:259:9
	android:screenOrientation
		ADDED from AndroidManifest.xml:261:13
	android:name
		ADDED from AndroidManifest.xml:260:13
activity#com.iteambuysale.zhongtuan.activity.me.unpay.ApplyRefundActivity
ADDED from AndroidManifest.xml:262:9
	android:screenOrientation
		ADDED from AndroidManifest.xml:264:13
	android:name
		ADDED from AndroidManifest.xml:263:13
activity#com.iteambuysale.zhongtuan.activity.me.unpay.EvaluateActivity
ADDED from AndroidManifest.xml:265:9
	android:screenOrientation
		ADDED from AndroidManifest.xml:267:13
	android:name
		ADDED from AndroidManifest.xml:266:13
activity#com.iteambuysale.zhongtuan.activity.me.unpay.ApplySuccessActivity
ADDED from AndroidManifest.xml:268:9
	android:screenOrientation
		ADDED from AndroidManifest.xml:270:13
	android:name
		ADDED from AndroidManifest.xml:269:13
activity#com.iteambuysale.zhongtuan.activity.me.address.SelectedAddressActivity
ADDED from AndroidManifest.xml:271:9
	android:screenOrientation
		ADDED from AndroidManifest.xml:273:13
	android:name
		ADDED from AndroidManifest.xml:272:13
activity#com.iteambuysale.zhongtuan.activity.me.address.AddressManageActivity
ADDED from AndroidManifest.xml:274:9
	android:screenOrientation
		ADDED from AndroidManifest.xml:276:13
	android:name
		ADDED from AndroidManifest.xml:275:13
activity#com.iteambuysale.zhongtuan.activity.me.collection.CollectionListActivity
ADDED from AndroidManifest.xml:277:9
	android:screenOrientation
		ADDED from AndroidManifest.xml:279:13
	android:name
		ADDED from AndroidManifest.xml:278:13
activity#com.iteambuysale.zhongtuan.activity.me.waitgoods.WaitForGoods
ADDED from AndroidManifest.xml:280:9
	android:screenOrientation
		ADDED from AndroidManifest.xml:282:13
	android:name
		ADDED from AndroidManifest.xml:281:13
activity#com.iteambuysale.zhongtuan.activity.me.waitgoods.WuliuDetialActivity
ADDED from AndroidManifest.xml:283:9
	android:screenOrientation
		ADDED from AndroidManifest.xml:285:13
	android:name
		ADDED from AndroidManifest.xml:284:13
activity#com.iteambuysale.zhongtuan.activity.me.setting.FeedbackActivity
ADDED from AndroidManifest.xml:286:9
	android:screenOrientation
		ADDED from AndroidManifest.xml:288:13
	android:name
		ADDED from AndroidManifest.xml:287:13
activity#com.iteambuysale.zhongtuan.activity.me.MeEvlution
ADDED from AndroidManifest.xml:289:9
	android:screenOrientation
		ADDED from AndroidManifest.xml:291:13
	android:name
		ADDED from AndroidManifest.xml:290:13
activity#com.iteambuysale.zhongtuan.activity.me.MeEvalutionBefore_l
ADDED from AndroidManifest.xml:292:9
	android:screenOrientation
		ADDED from AndroidManifest.xml:294:13
	android:name
		ADDED from AndroidManifest.xml:293:13
activity#com.iteambuysale.zhongtuan.activity.specialsale.DiscountCoupon
ADDED from AndroidManifest.xml:295:9
	android:screenOrientation
		ADDED from AndroidManifest.xml:297:13
	android:name
		ADDED from AndroidManifest.xml:296:13
activity#com.iteambuysale.zhongtuan.activity.QRCodeActivity
ADDED from AndroidManifest.xml:300:9
	android:screenOrientation
		ADDED from AndroidManifest.xml:302:13
	android:name
		ADDED from AndroidManifest.xml:301:13
activity#com.iteambuysale.zhongtuan.activity.WebViewActivity
ADDED from AndroidManifest.xml:303:9
	android:screenOrientation
		ADDED from AndroidManifest.xml:305:13
	android:name
		ADDED from AndroidManifest.xml:304:13
activity#cn.sharesdk.framework.ShareSDKUIShell
ADDED from AndroidManifest.xml:306:9
	android:screenOrientation
		ADDED from AndroidManifest.xml:309:13
	android:windowSoftInputMode
		ADDED from AndroidManifest.xml:311:13
	android:configChanges
		ADDED from AndroidManifest.xml:308:13
	android:theme
		ADDED from AndroidManifest.xml:310:13
	android:name
		ADDED from AndroidManifest.xml:307:13
intent-filter#android.intent.action.VIEW+android.intent.category.BROWSABLE+android.intent.category.DEFAULT
ADDED from AndroidManifest.xml:312:13
data
ADDED from AndroidManifest.xml:313:17
	android:scheme
		ADDED from AndroidManifest.xml:313:23
action#android.intent.action.VIEW
ADDED from AndroidManifest.xml:314:17
	android:name
		ADDED from AndroidManifest.xml:314:25
category#android.intent.category.BROWSABLE
ADDED from AndroidManifest.xml:315:17
	android:name
		ADDED from AndroidManifest.xml:315:27
category#android.intent.category.DEFAULT
ADDED from AndroidManifest.xml:316:17
	android:name
		ADDED from AndroidManifest.xml:316:27
activity#com.iteambuysale.zhongtuan.activity.specialsale.SpecialSaleLady
ADDED from AndroidManifest.xml:319:9
	android:screenOrientation
		ADDED from AndroidManifest.xml:321:13
	android:name
		ADDED from AndroidManifest.xml:320:13
activity#com.iteambuysale.zhongtuan.activity.specialsale.LadyCatgory
ADDED from AndroidManifest.xml:322:9
	android:screenOrientation
		ADDED from AndroidManifest.xml:324:13
	android:name
		ADDED from AndroidManifest.xml:323:13
activity#com.iteambuysale.zhongtuan.activity.specialsale.SpecialSaleLadyselect
ADDED from AndroidManifest.xml:325:9
	android:screenOrientation
		ADDED from AndroidManifest.xml:327:13
	android:name
		ADDED from AndroidManifest.xml:326:13
activity#com.iteambuysale.zhongtuan.activity.specialsale.SpecialSaleBuyAtOnce
ADDED from AndroidManifest.xml:328:9
	android:screenOrientation
		ADDED from AndroidManifest.xml:330:13
	android:name
		ADDED from AndroidManifest.xml:329:13
activity#com.iteambuysale.zhongtuan.activity.specialsale.Paymoney
ADDED from AndroidManifest.xml:331:9
	android:screenOrientation
		ADDED from AndroidManifest.xml:333:13
	android:name
		ADDED from AndroidManifest.xml:332:13
activity#com.iteambuysale.zhongtuan.activity.specialsale.SpecialSalePaySuccess
ADDED from AndroidManifest.xml:334:9
	android:screenOrientation
		ADDED from AndroidManifest.xml:336:13
	android:name
		ADDED from AndroidManifest.xml:335:13
activity#com.iteambuysale.zhongtuan.activity.specialsale.MoreCategoryLoad
ADDED from AndroidManifest.xml:337:9
	android:screenOrientation
		ADDED from AndroidManifest.xml:339:13
	android:name
		ADDED from AndroidManifest.xml:338:13
activity#com.iteambuysale.zhongtuan.activity.specialsale.PhotoWordDtetial
ADDED from AndroidManifest.xml:340:9
	android:screenOrientation
		ADDED from AndroidManifest.xml:342:13
	android:name
		ADDED from AndroidManifest.xml:341:13
activity#com.iteambuysale.zhongtuan.activity.specialsale.SpecialShop
ADDED from AndroidManifest.xml:343:9
	android:screenOrientation
		ADDED from AndroidManifest.xml:345:13
	android:name
		ADDED from AndroidManifest.xml:344:13
activity#com.iteambuysale.zhongtuan.activity.specialsale.SearchToList
ADDED from AndroidManifest.xml:346:9
	android:screenOrientation
		ADDED from AndroidManifest.xml:348:13
	android:name
		ADDED from AndroidManifest.xml:347:13
activity#com.iteambuysale.zhongtuan.activity.specialsale.ShowProductV2
ADDED from AndroidManifest.xml:349:9
	android:screenOrientation
		ADDED from AndroidManifest.xml:351:13
	android:name
		ADDED from AndroidManifest.xml:350:13
activity#com.iteambuysale.zhongtuan.activity.specialsale.TMAdvShow
ADDED from AndroidManifest.xml:352:9
	android:screenOrientation
		ADDED from AndroidManifest.xml:354:13
	android:name
		ADDED from AndroidManifest.xml:353:13
activity#com.iteambuysale.zhongtuan.activity.near.MainActivity
ADDED from AndroidManifest.xml:355:9
	android:name
		ADDED from AndroidManifest.xml:355:19
activity#com.iteambuysale.zhongtuan.activity.specialsale.ProductActivity
ADDED from AndroidManifest.xml:357:9
	android:launchMode
		ADDED from AndroidManifest.xml:358:13
	android:name
		ADDED from AndroidManifest.xml:357:19
activity#com.iteambuysale.zhongtuan.activity.me.AlbumActivity
ADDED from AndroidManifest.xml:361:9
	android:screenOrientation
		ADDED from AndroidManifest.xml:363:13
	android:name
		ADDED from AndroidManifest.xml:362:13
activity#com.iteambuysale.zhongtuan.activity.shopcart.ShopCartPostOrder
ADDED from AndroidManifest.xml:364:9
	android:screenOrientation
		ADDED from AndroidManifest.xml:366:13
	android:name
		ADDED from AndroidManifest.xml:365:13
activity#com.iteambuysale.zhongtuan.activity.specialsale.SaleMainSearch
ADDED from AndroidManifest.xml:367:9
	android:screenOrientation
		ADDED from AndroidManifest.xml:369:13
	android:name
		ADDED from AndroidManifest.xml:368:13
activity#com.iteambuysale.zhongtuan.activity.specialsale.SearchResultShow
ADDED from AndroidManifest.xml:370:9
	android:screenOrientation
		ADDED from AndroidManifest.xml:372:13
	android:name
		ADDED from AndroidManifest.xml:371:13
meta-data#com.baidu.lbsapi.API_KEY
ADDED from AndroidManifest.xml:375:9
	android:value
		ADDED from AndroidManifest.xml:377:13
	android:name
		ADDED from AndroidManifest.xml:376:13
meta-data#TA_APPKEY
ADDED from AndroidManifest.xml:378:9
	android:value
		ADDED from AndroidManifest.xml:380:13
	android:name
		ADDED from AndroidManifest.xml:379:13
meta-data#InstallChannel
ADDED from AndroidManifest.xml:381:9
	android:value
		ADDED from AndroidManifest.xml:383:13
	android:name
		ADDED from AndroidManifest.xml:382:13
service#com.baidu.location.f
ADDED from AndroidManifest.xml:385:9
	android:enabled
		ADDED from AndroidManifest.xml:387:13
	android:process
		ADDED from AndroidManifest.xml:388:13
	android:name
		ADDED from AndroidManifest.xml:386:13
activity#com.google.zxing.client.android.CaptureActivity
ADDED from AndroidManifest.xml:392:9
	android:screenOrientation
		ADDED from AndroidManifest.xml:395:13
	android:windowSoftInputMode
		ADDED from AndroidManifest.xml:397:13
	android:configChanges
		ADDED from AndroidManifest.xml:394:13
	android:theme
		ADDED from AndroidManifest.xml:396:13
	android:name
		ADDED from AndroidManifest.xml:393:13
intent-filter#android.intent.action.MAIN+android.intent.category.DEFAULT
ADDED from AndroidManifest.xml:398:13
intent-filter#android.intent.category.DEFAULT+com.google.zxing.client.android.SCAN
ADDED from AndroidManifest.xml:403:13
action#com.google.zxing.client.android.SCAN
ADDED from AndroidManifest.xml:404:17
	android:name
		ADDED from AndroidManifest.xml:404:25
activity#com.pingplusplus.android.PaymentActivity
ADDED from AndroidManifest.xml:411:9
	android:launchMode
		ADDED from AndroidManifest.xml:413:13
	android:theme
		ADDED from AndroidManifest.xml:414:13
	android:name
		ADDED from AndroidManifest.xml:412:13
activity#com.alipay.android.app.sdk.WapPayActivity
ADDED from AndroidManifest.xml:415:9
	android:name
		ADDED from AndroidManifest.xml:415:19
activity-alias#com.iteambuysale.zhongtuan.wxapi.WXPayEntryActivity
ADDED from AndroidManifest.xml:417:9
	android:exported
		ADDED from AndroidManifest.xml:419:13
	android:targetActivity
		ADDED from AndroidManifest.xml:420:13
	android:name
		ADDED from AndroidManifest.xml:418:13
service#com.iteambuysale.zhongtuan.background.FileDownLoadService
ADDED from AndroidManifest.xml:422:9
	android:name
		ADDED from AndroidManifest.xml:422:18
activity#com.iteambuysale.zhongtuan.activity.activities.ActivityDetails
ADDED from AndroidManifest.xml:424:9
	android:name
		ADDED from AndroidManifest.xml:424:19
activity#com.iteambuysale.zhongtuan.activity.activities.TBHDetails
ADDED from AndroidManifest.xml:425:9
	android:name
		ADDED from AndroidManifest.xml:425:19
activity#com.iteambuysale.zhongtuan.activity.activities.ActivitySignUpActivity
ADDED from AndroidManifest.xml:426:9
	android:name
		ADDED from AndroidManifest.xml:426:19
activity#com.iteambuysale.zhongtuan.activity.me.setting.FeedbackListActivity
ADDED from AndroidManifest.xml:427:9
	android:name
		ADDED from AndroidManifest.xml:427:19
activity#com.alipay.sdk.app.H5PayActivity
ADDED from AndroidManifest.xml:428:9
	android:name
		ADDED from AndroidManifest.xml:428:19
activity#cn.sharesdk.demo.wxapi.WXEntryActivity
ADDED from AndroidManifest.xml:434:9
	android:exported
		ADDED from AndroidManifest.xml:438:13
	android:configChanges
		ADDED from AndroidManifest.xml:437:13
	android:theme
		ADDED from AndroidManifest.xml:436:13
	android:name
		ADDED from AndroidManifest.xml:435:13
activity#com.iteambuysale.zhongtuan.activity.near.activityCatgory
ADDED from AndroidManifest.xml:439:9
	android:screenOrientation
		ADDED from AndroidManifest.xml:441:14
	android:name
		ADDED from AndroidManifest.xml:440:13
service#com.iteambuysale.zhongtuan.service.UpdateService
ADDED from AndroidManifest.xml:442:6
	android:name
		ADDED from AndroidManifest.xml:443:10